# JRE version: OpenJDK Runtime Environment (8.0_152-b02) (build 1.8.0_152-release-1024-b02)
# Java VM: OpenJDK 64-Bit Server VM (25.152-b02 mixed mode windows-amd64 compressed oops)
Heap:
 PSYoungGen      total 163328K, used 125858K [0x00000000e0000000, 0x00000000eb080000, 0x0000000100000000)
  eden space 145920K, 74% used [0x00000000e0000000,0x00000000e69ea9f0,0x00000000e8e80000)
  from space 17408K, 99% used [0x00000000e8e80000,0x00000000e9f7dec0,0x00000000e9f80000)
  to   space 14848K, 0% used [0x00000000ea200000,0x00000000ea200000,0x00000000eb080000)
 ParOldGen       total 88064K, used 31497K [0x00000000a0000000, 0x00000000a5600000, 0x00000000e0000000)
  object space 88064K, 35% used [0x00000000a0000000,0x00000000a1ec2428,0x00000000a5600000)
 Metaspace       used 64398K, capacity 66900K, committed 67072K, reserved 1107968K
  class space    used 8533K, capacity 9167K, committed 9216K, reserved 1048576K
GC Heap History (10 events):
Event: 29.562 GC heap before
{Heap before GC invocations=12 (full 2):
 PSYoungGen      total 130048K, used 121344K [0x00000000e0000000, 0x00000000e9080000, 0x0000000100000000)
  eden space 121344K, 100% used [0x00000000e0000000,0x00000000e7680000,0x00000000e7680000)
  from space 8704K, 0% used [0x00000000e7680000,0x00000000e7680000,0x00000000e7f00000)
  to   space 11776K, 0% used [0x00000000e8500000,0x00000000e8500000,0x00000000e9080000)
 ParOldGen       total 60928K, used 19294K [0x00000000a0000000, 0x00000000a3b80000, 0x00000000e0000000)
  object space 60928K, 31% used [0x00000000a0000000,0x00000000a12d7ac8,0x00000000a3b80000)
 Metaspace       used 42610K, capacity 43550K, committed 43776K, reserved 1087488K
  class space    used 5857K, capacity 6134K, committed 6144K, reserved 1048576K
Event: 29.606 GC heap after
Heap after GC invocations=12 (full 2):
 PSYoungGen      total 134144K, used 11749K [0x00000000e0000000, 0x00000000eaf80000, 0x0000000100000000)
  eden space 122368K, 0% used [0x00000000e0000000,0x00000000e0000000,0x00000000e7780000)
  from space 11776K, 99% used [0x00000000e8500000,0x00000000e9079630,0x00000000e9080000)
  to   space 13824K, 0% used [0x00000000e7780000,0x00000000e7780000,0x00000000e8500000)
 ParOldGen       total 60928K, used 20955K [0x00000000a0000000, 0x00000000a3b80000, 0x00000000e0000000)
  object space 60928K, 34% used [0x00000000a0000000,0x00000000a1476f28,0x00000000a3b80000)
 Metaspace       used 42610K, capacity 43550K, committed 43776K, reserved 1087488K
  class space    used 5857K, capacity 6134K, committed 6144K, reserved 1048576K
}
Event: 44.361 GC heap before
{Heap before GC invocations=13 (full 2):
 PSYoungGen      total 134144K, used 134117K [0x00000000e0000000, 0x00000000eaf80000, 0x0000000100000000)
  eden space 122368K, 100% used [0x00000000e0000000,0x00000000e7780000,0x00000000e7780000)
  from space 11776K, 99% used [0x00000000e8500000,0x00000000e9079630,0x00000000e9080000)
  to   space 13824K, 0% used [0x00000000e7780000,0x00000000e7780000,0x00000000e8500000)
 ParOldGen       total 60928K, used 20955K [0x00000000a0000000, 0x00000000a3b80000, 0x00000000e0000000)
  object space 60928K, 34% used [0x00000000a0000000,0x00000000a1476f28,0x00000000a3b80000)
 Metaspace       used 52725K, capacity 54242K, committed 54528K, reserved 1095680K
  class space    used 7195K, capacity 7558K, committed 7680K, reserved 1048576K
Event: 44.437 GC heap after
Heap after GC invocations=13 (full 2):
 PSYoungGen      total 136192K, used 12550K [0x00000000e0000000, 0x00000000eb100000, 0x0000000100000000)
  eden space 122368K, 0% used [0x00000000e0000000,0x00000000e0000000,0x00000000e7780000)
  from space 13824K, 90% used [0x00000000e7780000,0x00000000e83c18b8,0x00000000e8500000)
  to   space 15360K, 0% used [0x00000000ea200000,0x00000000ea200000,0x00000000eb100000)
 ParOldGen       total 60928K, used 28932K [0x00000000a0000000, 0x00000000a3b80000, 0x00000000e0000000)
  object space 60928K, 47% used [0x00000000a0000000,0x00000000a1c41298,0x00000000a3b80000)
 Metaspace       used 52725K, capacity 54242K, committed 54528K, reserved 1095680K
  class space    used 7195K, capacity 7558K, committed 7680K, reserved 1048576K
}
Event: 621.279 GC heap before
{Heap before GC invocations=14 (full 2):
 PSYoungGen      total 136192K, used 102378K [0x00000000e0000000, 0x00000000eb100000, 0x0000000100000000)
  eden space 122368K, 73% used [0x00000000e0000000,0x00000000e57b8f60,0x00000000e7780000)
  from space 13824K, 90% used [0x00000000e7780000,0x00000000e83c18b8,0x00000000e8500000)
  to   space 15360K, 0% used [0x00000000ea200000,0x00000000ea200000,0x00000000eb100000)
 ParOldGen       total 60928K, used 28932K [0x00000000a0000000, 0x00000000a3b80000, 0x00000000e0000000)
  object space 60928K, 47% used [0x00000000a0000000,0x00000000a1c41298,0x00000000a3b80000)
 Metaspace       used 57091K, capacity 58870K, committed 59028K, reserved 1099776K
  class space    used 7655K, capacity 8070K, committed 8192K, reserved 1048576K
Event: 621.363 GC heap after
Heap after GC invocations=14 (full 2):
 PSYoungGen      total 160768K, used 14065K [0x00000000e0000000, 0x00000000eb080000, 0x0000000100000000)
  eden space 145920K, 0% used [0x00000000e0000000,0x00000000e0000000,0x00000000e8e80000)
  from space 14848K, 94% used [0x00000000ea200000,0x00000000eafbc528,0x00000000eb080000)
  to   space 17408K, 0% used [0x00000000e8e80000,0x00000000e8e80000,0x00000000e9f80000)
 ParOldGen       total 60928K, used 28932K [0x00000000a0000000, 0x00000000a3b80000, 0x00000000e0000000)
  object space 60928K, 47% used [0x00000000a0000000,0x00000000a1c41298,0x00000000a3b80000)
 Metaspace       used 57091K, capacity 58870K, committed 59028K, reserved 1099776K
  class space    used 7655K, capacity 8070K, committed 8192K, reserved 1048576K
}
Event: 621.363 GC heap before
{Heap before GC invocations=15 (full 3):
 PSYoungGen      total 160768K, used 14065K [0x00000000e0000000, 0x00000000eb080000, 0x0000000100000000)
  eden space 145920K, 0% used [0x00000000e0000000,0x00000000e0000000,0x00000000e8e80000)
  from space 14848K, 94% used [0x00000000ea200000,0x00000000eafbc528,0x00000000eb080000)
  to   space 17408K, 0% used [0x00000000e8e80000,0x00000000e8e80000,0x00000000e9f80000)
 ParOldGen       total 60928K, used 28932K [0x00000000a0000000, 0x00000000a3b80000, 0x00000000e0000000)
  object space 60928K, 47% used [0x00000000a0000000,0x00000000a1c41298,0x00000000a3b80000)
 Metaspace       used 57091K, capacity 58870K, committed 59028K, reserved 1099776K
  class space    used 7655K, capacity 8070K, committed 8192K, reserved 1048576K
Event: 622.156 GC heap after
Heap after GC invocations=15 (full 3):
 PSYoungGen      total 160768K, used 0K [0x00000000e0000000, 0x00000000eb080000, 0x0000000100000000)
  eden space 145920K, 0% used [0x00000000e0000000,0x00000000e0000000,0x00000000e8e80000)
  from space 14848K, 0% used [0x00000000ea200000,0x00000000ea200000,0x00000000eb080000)
  to   space 17408K, 0% used [0x00000000e8e80000,0x00000000e8e80000,0x00000000e9f80000)
 ParOldGen       total 88064K, used 31071K [0x00000000a0000000, 0x00000000a5600000, 0x00000000e0000000)
  object space 88064K, 35% used [0x00000000a0000000,0x00000000a1e57d48,0x00000000a5600000)
 Metaspace       used 57091K, capacity 58870K, committed 59028K, reserved 1099776K
  class space    used 7655K, capacity 8070K, committed 8192K, reserved 1048576K
}
Event: 636.959 GC heap before
{Heap before GC invocations=16 (full 3):
 PSYoungGen      total 160768K, used 145920K [0x00000000e0000000, 0x00000000eb080000, 0x0000000100000000)
  eden space 145920K, 100% used [0x00000000e0000000,0x00000000e8e80000,0x00000000e8e80000)
  from space 14848K, 0% used [0x00000000ea200000,0x00000000ea200000,0x00000000eb080000)
  to   space 17408K, 0% used [0x00000000e8e80000,0x00000000e8e80000,0x00000000e9f80000)
 ParOldGen       total 88064K, used 31071K [0x00000000a0000000, 0x00000000a5600000, 0x00000000e0000000)
  object space 88064K, 35% used [0x00000000a0000000,0x00000000a1e57d48,0x00000000a5600000)
 Metaspace       used 62737K, capacity 64990K, committed 65280K, reserved 1105920K
  class space    used 8330K, capacity 8898K, committed 8960K, reserved 1048576K
Event: 637.023 GC heap after
Heap after GC invocations=16 (full 3):
 PSYoungGen      total 163328K, used 17399K [0x00000000e0000000, 0x00000000eb080000, 0x0000000100000000)
  eden space 145920K, 0% used [0x00000000e0000000,0x00000000e0000000,0x00000000e8e80000)
  from space 17408K, 99% used [0x00000000e8e80000,0x00000000e9f7dec0,0x00000000e9f80000)
  to   space 14848K, 0% used [0x00000000ea200000,0x00000000ea200000,0x00000000eb080000)
 ParOldGen       total 88064K, used 31497K [0x00000000a0000000, 0x00000000a5600000, 0x00000000e0000000)
  object space 88064K, 35% used [0x00000000a0000000,0x00000000a1ec2428,0x00000000a5600000)
 Metaspace       used 62737K, capacity 64990K, committed 65280K, reserved 1105920K
  class space    used 8330K, capacity 8898K, committed 8960K, reserved 1048576K
}

