# JRE version: OpenJDK Runtime Environment (8.0_152-b02) (build 1.8.0_152-release-1024-b02)
# Java VM: OpenJDK 64-Bit Server VM (25.152-b02 mixed mode windows-amd64 compressed oops)
Heap:
 PSYoungGen      total 220672K, used 23938K [0x00000000e0000000, 0x00000000f2500000, 0x0000000100000000)
  eden space 195584K, 2% used [0x00000000e0000000,0x00000000e0511ee8,0x00000000ebf00000)
  from space 25088K, 74% used [0x00000000ebf00000,0x00000000ed14ea58,0x00000000ed780000)
  to   space 26624K, 0% used [0x00000000f0b00000,0x00000000f0b00000,0x00000000f2500000)
 ParOldGen       total 92160K, used 67870K [0x00000000a0000000, 0x00000000a5a00000, 0x00000000e0000000)
  object space 92160K, 73% used [0x00000000a0000000,0x00000000a4247b18,0x00000000a5a00000)
 Metaspace       used 72456K, capacity 75160K, committed 75480K, reserved 1114112K
  class space    used 9623K, capacity 10173K, committed 10240K, reserved 1048576K
GC Heap History (10 events):
Event: 57.061 GC heap before
{Heap before GC invocations=14 (full 2):
 PSYoungGen      total 131584K, used 131562K [0x00000000e0000000, 0x00000000eba00000, 0x0000000100000000)
  eden space 120320K, 100% used [0x00000000e0000000,0x00000000e7580000,0x00000000e7580000)
  from space 11264K, 99% used [0x00000000e7580000,0x00000000e807aa30,0x00000000e8080000)
  to   space 13824K, 0% used [0x00000000eac80000,0x00000000eac80000,0x00000000eba00000)
 ParOldGen       total 54272K, used 16217K [0x00000000a0000000, 0x00000000a3500000, 0x00000000e0000000)
  object space 54272K, 29% used [0x00000000a0000000,0x00000000a0fd65f8,0x00000000a3500000)
 Metaspace       used 52626K, capacity 54170K, committed 54488K, reserved 1095680K
  class space    used 7201K, capacity 7558K, committed 7680K, reserved 1048576K
Event: 57.130 GC heap after
Heap after GC invocations=14 (full 2):
 PSYoungGen      total 172544K, used 13821K [0x00000000e0000000, 0x00000000ebe00000, 0x0000000100000000)
  eden space 158720K, 0% used [0x00000000e0000000,0x00000000e0000000,0x00000000e9b00000)
  from space 13824K, 99% used [0x00000000eac80000,0x00000000eb9ff500,0x00000000eba00000)
  to   space 17920K, 0% used [0x00000000e9b00000,0x00000000e9b00000,0x00000000eac80000)
 ParOldGen       total 54272K, used 22573K [0x00000000a0000000, 0x00000000a3500000, 0x00000000e0000000)
  object space 54272K, 41% used [0x00000000a0000000,0x00000000a160b5d0,0x00000000a3500000)
 Metaspace       used 52626K, capacity 54170K, committed 54488K, reserved 1095680K
  class space    used 7201K, capacity 7558K, committed 7680K, reserved 1048576K
}
Event: 92.270 GC heap before
{Heap before GC invocations=15 (full 2):
 PSYoungGen      total 172544K, used 129658K [0x00000000e0000000, 0x00000000ebe00000, 0x0000000100000000)
  eden space 158720K, 72% used [0x00000000e0000000,0x00000000e711f378,0x00000000e9b00000)
  from space 13824K, 99% used [0x00000000eac80000,0x00000000eb9ff500,0x00000000eba00000)
  to   space 17920K, 0% used [0x00000000e9b00000,0x00000000e9b00000,0x00000000eac80000)
 ParOldGen       total 54272K, used 22573K [0x00000000a0000000, 0x00000000a3500000, 0x00000000e0000000)
  object space 54272K, 41% used [0x00000000a0000000,0x00000000a160b5d0,0x00000000a3500000)
 Metaspace       used 57317K, capacity 58988K, committed 59028K, reserved 1099776K
  class space    used 7755K, capacity 8157K, committed 8192K, reserved 1048576K
Event: 92.356 GC heap after
Heap after GC invocations=15 (full 2):
 PSYoungGen      total 176640K, used 8783K [0x00000000e0000000, 0x00000000ee880000, 0x0000000100000000)
  eden space 158720K, 0% used [0x00000000e0000000,0x00000000e0000000,0x00000000e9b00000)
  from space 17920K, 49% used [0x00000000e9b00000,0x00000000ea393dc0,0x00000000eac80000)
  to   space 17408K, 0% used [0x00000000ed780000,0x00000000ed780000,0x00000000ee880000)
 ParOldGen       total 54272K, used 36265K [0x00000000a0000000, 0x00000000a3500000, 0x00000000e0000000)
  object space 54272K, 66% used [0x00000000a0000000,0x00000000a236a6c0,0x00000000a3500000)
 Metaspace       used 57317K, capacity 58988K, committed 59028K, reserved 1099776K
  class space    used 7755K, capacity 8157K, committed 8192K, reserved 1048576K
}
Event: 92.356 GC heap before
{Heap before GC invocations=16 (full 3):
 PSYoungGen      total 176640K, used 8783K [0x00000000e0000000, 0x00000000ee880000, 0x0000000100000000)
  eden space 158720K, 0% used [0x00000000e0000000,0x00000000e0000000,0x00000000e9b00000)
  from space 17920K, 49% used [0x00000000e9b00000,0x00000000ea393dc0,0x00000000eac80000)
  to   space 17408K, 0% used [0x00000000ed780000,0x00000000ed780000,0x00000000ee880000)
 ParOldGen       total 54272K, used 36265K [0x00000000a0000000, 0x00000000a3500000, 0x00000000e0000000)
  object space 54272K, 66% used [0x00000000a0000000,0x00000000a236a6c0,0x00000000a3500000)
 Metaspace       used 57317K, capacity 58988K, committed 59028K, reserved 1099776K
  class space    used 7755K, capacity 8157K, committed 8192K, reserved 1048576K
Event: 93.152 GC heap after
Heap after GC invocations=16 (full 3):
 PSYoungGen      total 176640K, used 0K [0x00000000e0000000, 0x00000000ee880000, 0x0000000100000000)
  eden space 158720K, 0% used [0x00000000e0000000,0x00000000e0000000,0x00000000e9b00000)
  from space 17920K, 0% used [0x00000000e9b00000,0x00000000e9b00000,0x00000000eac80000)
  to   space 17408K, 0% used [0x00000000ed780000,0x00000000ed780000,0x00000000ee880000)
 ParOldGen       total 92160K, used 36700K [0x00000000a0000000, 0x00000000a5a00000, 0x00000000e0000000)
  object space 92160K, 39% used [0x00000000a0000000,0x00000000a23d7140,0x00000000a5a00000)
 Metaspace       used 57317K, capacity 58988K, committed 59028K, reserved 1099776K
  class space    used 7755K, capacity 8157K, committed 8192K, reserved 1048576K
}
Event: 129.441 GC heap before
{Heap before GC invocations=17 (full 3):
 PSYoungGen      total 176640K, used 158720K [0x00000000e0000000, 0x00000000ee880000, 0x0000000100000000)
  eden space 158720K, 100% used [0x00000000e0000000,0x00000000e9b00000,0x00000000e9b00000)
  from space 17920K, 0% used [0x00000000e9b00000,0x00000000e9b00000,0x00000000eac80000)
  to   space 17408K, 0% used [0x00000000ed780000,0x00000000ed780000,0x00000000ee880000)
 ParOldGen       total 92160K, used 36700K [0x00000000a0000000, 0x00000000a5a00000, 0x00000000e0000000)
  object space 92160K, 39% used [0x00000000a0000000,0x00000000a23d7140,0x00000000a5a00000)
 Metaspace       used 68838K, capacity 71214K, committed 71512K, reserved 1112064K
  class space    used 9184K, capacity 9730K, committed 9856K, reserved 1048576K
Event: 129.557 GC heap after
Heap after GC invocations=17 (full 3):
 PSYoungGen      total 212992K, used 17391K [0x00000000e0000000, 0x00000000ef500000, 0x0000000100000000)
  eden space 195584K, 0% used [0x00000000e0000000,0x00000000e0000000,0x00000000ebf00000)
  from space 17408K, 99% used [0x00000000ed780000,0x00000000ee87bd40,0x00000000ee880000)
  to   space 25088K, 0% used [0x00000000ebf00000,0x00000000ebf00000,0x00000000ed780000)
 ParOldGen       total 92160K, used 50548K [0x00000000a0000000, 0x00000000a5a00000, 0x00000000e0000000)
  object space 92160K, 54% used [0x00000000a0000000,0x00000000a315d1f0,0x00000000a5a00000)
 Metaspace       used 68838K, capacity 71214K, committed 71512K, reserved 1112064K
  class space    used 9184K, capacity 9730K, committed 9856K, reserved 1048576K
}
Event: 141.442 GC heap before
{Heap before GC invocations=18 (full 3):
 PSYoungGen      total 212992K, used 212975K [0x00000000e0000000, 0x00000000ef500000, 0x0000000100000000)
  eden space 195584K, 100% used [0x00000000e0000000,0x00000000ebf00000,0x00000000ebf00000)
  from space 17408K, 99% used [0x00000000ed780000,0x00000000ee87bd40,0x00000000ee880000)
  to   space 25088K, 0% used [0x00000000ebf00000,0x00000000ebf00000,0x00000000ed780000)
 ParOldGen       total 92160K, used 50548K [0x00000000a0000000, 0x00000000a5a00000, 0x00000000e0000000)
  object space 92160K, 54% used [0x00000000a0000000,0x00000000a315d1f0,0x00000000a5a00000)
 Metaspace       used 72161K, capacity 74904K, committed 75224K, reserved 1114112K
  class space    used 9605K, capacity 10173K, committed 10240K, reserved 1048576K
Event: 141.600 GC heap after
Heap after GC invocations=18 (full 3):
 PSYoungGen      total 220672K, used 18746K [0x00000000e0000000, 0x00000000f2500000, 0x0000000100000000)
  eden space 195584K, 0% used [0x00000000e0000000,0x00000000e0000000,0x00000000ebf00000)
  from space 25088K, 74% used [0x00000000ebf00000,0x00000000ed14ea58,0x00000000ed780000)
  to   space 26624K, 0% used [0x00000000f0b00000,0x00000000f0b00000,0x00000000f2500000)
 ParOldGen       total 92160K, used 67870K [0x00000000a0000000, 0x00000000a5a00000, 0x00000000e0000000)
  object space 92160K, 73% used [0x00000000a0000000,0x00000000a4247b18,0x00000000a5a00000)
 Metaspace       used 72161K, capacity 74904K, committed 75224K, reserved 1114112K
  class space    used 9605K, capacity 10173K, committed 10240K, reserved 1048576K
}

