# JRE version: OpenJDK Runtime Environment (8.0_152-b02) (build 1.8.0_152-release-1024-b02)
# Java VM: OpenJDK 64-Bit Server VM (25.152-b02 mixed mode windows-amd64 compressed oops)
Heap:
 PSYoungGen      total 146944K, used 106635K [0x00000000e0000000, 0x00000000ea580000, 0x0000000100000000)
  eden space 128000K, 83% used [0x00000000e0000000,0x00000000e6822fb0,0x00000000e7d00000)
  from space 18944K, 0% used [0x00000000e9080000,0x00000000e9080000,0x00000000ea300000)
  to   space 19968K, 0% used [0x00000000e7d00000,0x00000000e7d00000,0x00000000e9080000)
 ParOldGen       total 61440K, used 43909K [0x00000000a0000000, 0x00000000a3c00000, 0x00000000e0000000)
  object space 61440K, 71% used [0x00000000a0000000,0x00000000a2ae15c8,0x00000000a3c00000)
 Metaspace       used 61531K, capacity 63712K, committed 63872K, reserved 1103872K
  class space    used 8254K, capacity 8813K, committed 8832K, reserved 1048576K
GC Heap History (10 events):
Event: 50.812 GC heap before
{Heap before GC invocations=15 (full 2):
 PSYoungGen      total 98304K, used 97936K [0x00000000e0000000, 0x00000000e6e00000, 0x0000000100000000)
  eden space 90112K, 100% used [0x00000000e0000000,0x00000000e5800000,0x00000000e5800000)
  from space 8192K, 95% used [0x00000000e6600000,0x00000000e6da42d0,0x00000000e6e00000)
  to   space 11264K, 0% used [0x00000000e5800000,0x00000000e5800000,0x00000000e6300000)
 ParOldGen       total 61440K, used 17543K [0x00000000a0000000, 0x00000000a3c00000, 0x00000000e0000000)
  object space 61440K, 28% used [0x00000000a0000000,0x00000000a1121e80,0x00000000a3c00000)
 Metaspace       used 48834K, capacity 50144K, committed 50304K, reserved 1093632K
  class space    used 6656K, capacity 7018K, committed 7040K, reserved 1048576K
Event: 50.861 GC heap after
Heap after GC invocations=15 (full 2):
 PSYoungGen      total 101376K, used 11262K [0x00000000e0000000, 0x00000000e8400000, 0x0000000100000000)
  eden space 90112K, 0% used [0x00000000e0000000,0x00000000e0000000,0x00000000e5800000)
  from space 11264K, 99% used [0x00000000e5800000,0x00000000e62ffaf8,0x00000000e6300000)
  to   space 14336K, 0% used [0x00000000e7600000,0x00000000e7600000,0x00000000e8400000)
 ParOldGen       total 61440K, used 21448K [0x00000000a0000000, 0x00000000a3c00000, 0x00000000e0000000)
  object space 61440K, 34% used [0x00000000a0000000,0x00000000a14f2370,0x00000000a3c00000)
 Metaspace       used 48834K, capacity 50144K, committed 50304K, reserved 1093632K
  class space    used 6656K, capacity 7018K, committed 7040K, reserved 1048576K
}
Event: 61.664 GC heap before
{Heap before GC invocations=16 (full 2):
 PSYoungGen      total 101376K, used 101374K [0x00000000e0000000, 0x00000000e8400000, 0x0000000100000000)
  eden space 90112K, 100% used [0x00000000e0000000,0x00000000e5800000,0x00000000e5800000)
  from space 11264K, 99% used [0x00000000e5800000,0x00000000e62ffaf8,0x00000000e6300000)
  to   space 14336K, 0% used [0x00000000e7600000,0x00000000e7600000,0x00000000e8400000)
 ParOldGen       total 61440K, used 21448K [0x00000000a0000000, 0x00000000a3c00000, 0x00000000e0000000)
  object space 61440K, 34% used [0x00000000a0000000,0x00000000a14f2370,0x00000000a3c00000)
 Metaspace       used 53885K, capacity 55548K, committed 55808K, reserved 1097728K
  class space    used 7453K, capacity 7896K, committed 7936K, reserved 1048576K
Event: 61.776 GC heap after
Heap after GC invocations=16 (full 2):
 PSYoungGen      total 116736K, used 14328K [0x00000000e0000000, 0x00000000e8c80000, 0x0000000100000000)
  eden space 102400K, 0% used [0x00000000e0000000,0x00000000e0000000,0x00000000e6400000)
  from space 14336K, 99% used [0x00000000e7600000,0x00000000e83fe308,0x00000000e8400000)
  to   space 18432K, 0% used [0x00000000e6400000,0x00000000e6400000,0x00000000e7600000)
 ParOldGen       total 61440K, used 26158K [0x00000000a0000000, 0x00000000a3c00000, 0x00000000e0000000)
  object space 61440K, 42% used [0x00000000a0000000,0x00000000a198bb58,0x00000000a3c00000)
 Metaspace       used 53885K, capacity 55548K, committed 55808K, reserved 1097728K
  class space    used 7453K, capacity 7896K, committed 7936K, reserved 1048576K
}
Event: 65.088 GC heap before
{Heap before GC invocations=17 (full 2):
 PSYoungGen      total 116736K, used 116728K [0x00000000e0000000, 0x00000000e8c80000, 0x0000000100000000)
  eden space 102400K, 100% used [0x00000000e0000000,0x00000000e6400000,0x00000000e6400000)
  from space 14336K, 99% used [0x00000000e7600000,0x00000000e83fe308,0x00000000e8400000)
  to   space 18432K, 0% used [0x00000000e6400000,0x00000000e6400000,0x00000000e7600000)
 ParOldGen       total 61440K, used 26158K [0x00000000a0000000, 0x00000000a3c00000, 0x00000000e0000000)
  object space 61440K, 42% used [0x00000000a0000000,0x00000000a198bb58,0x00000000a3c00000)
 Metaspace       used 55141K, capacity 56884K, committed 57088K, reserved 1097728K
  class space    used 7628K, capacity 8079K, committed 8192K, reserved 1048576K
Event: 65.193 GC heap after
Heap after GC invocations=17 (full 2):
 PSYoungGen      total 120832K, used 12188K [0x00000000e0000000, 0x00000000ea300000, 0x0000000100000000)
  eden space 102400K, 0% used [0x00000000e0000000,0x00000000e0000000,0x00000000e6400000)
  from space 18432K, 66% used [0x00000000e6400000,0x00000000e6fe7170,0x00000000e7600000)
  to   space 18944K, 0% used [0x00000000e9080000,0x00000000e9080000,0x00000000ea300000)
 ParOldGen       total 61440K, used 37552K [0x00000000a0000000, 0x00000000a3c00000, 0x00000000e0000000)
  object space 61440K, 61% used [0x00000000a0000000,0x00000000a24ac170,0x00000000a3c00000)
 Metaspace       used 55141K, capacity 56884K, committed 57088K, reserved 1097728K
  class space    used 7628K, capacity 8079K, committed 8192K, reserved 1048576K
}
Event: 76.751 GC heap before
{Heap before GC invocations=18 (full 2):
 PSYoungGen      total 120832K, used 68006K [0x00000000e0000000, 0x00000000ea300000, 0x0000000100000000)
  eden space 102400K, 54% used [0x00000000e0000000,0x00000000e36829f8,0x00000000e6400000)
  from space 18432K, 66% used [0x00000000e6400000,0x00000000e6fe7170,0x00000000e7600000)
  to   space 18944K, 0% used [0x00000000e9080000,0x00000000e9080000,0x00000000ea300000)
 ParOldGen       total 61440K, used 37552K [0x00000000a0000000, 0x00000000a3c00000, 0x00000000e0000000)
  object space 61440K, 61% used [0x00000000a0000000,0x00000000a24ac170,0x00000000a3c00000)
 Metaspace       used 56766K, capacity 58868K, committed 59028K, reserved 1099776K
  class space    used 7774K, capacity 8337K, committed 8448K, reserved 1048576K
Event: 76.942 GC heap after
Heap after GC invocations=18 (full 2):
 PSYoungGen      total 146944K, used 14196K [0x00000000e0000000, 0x00000000ea580000, 0x0000000100000000)
  eden space 128000K, 0% used [0x00000000e0000000,0x00000000e0000000,0x00000000e7d00000)
  from space 18944K, 74% used [0x00000000e9080000,0x00000000e9e5d190,0x00000000ea300000)
  to   space 19968K, 0% used [0x00000000e7d00000,0x00000000e7d00000,0x00000000e9080000)
 ParOldGen       total 61440K, used 37560K [0x00000000a0000000, 0x00000000a3c00000, 0x00000000e0000000)
  object space 61440K, 61% used [0x00000000a0000000,0x00000000a24ae170,0x00000000a3c00000)
 Metaspace       used 56766K, capacity 58868K, committed 59028K, reserved 1099776K
  class space    used 7774K, capacity 8337K, committed 8448K, reserved 1048576K
}
Event: 76.942 GC heap before
{Heap before GC invocations=19 (full 3):
 PSYoungGen      total 146944K, used 14196K [0x00000000e0000000, 0x00000000ea580000, 0x0000000100000000)
  eden space 128000K, 0% used [0x00000000e0000000,0x00000000e0000000,0x00000000e7d00000)
  from space 18944K, 74% used [0x00000000e9080000,0x00000000e9e5d190,0x00000000ea300000)
  to   space 19968K, 0% used [0x00000000e7d00000,0x00000000e7d00000,0x00000000e9080000)
 ParOldGen       total 61440K, used 37560K [0x00000000a0000000, 0x00000000a3c00000, 0x00000000e0000000)
  object space 61440K, 61% used [0x00000000a0000000,0x00000000a24ae170,0x00000000a3c00000)
 Metaspace       used 56766K, capacity 58868K, committed 59028K, reserved 1099776K
  class space    used 7774K, capacity 8337K, committed 8448K, reserved 1048576K
Event: 78.719 GC heap after
Heap after GC invocations=19 (full 3):
 PSYoungGen      total 146944K, used 0K [0x00000000e0000000, 0x00000000ea580000, 0x0000000100000000)
  eden space 128000K, 0% used [0x00000000e0000000,0x00000000e0000000,0x00000000e7d00000)
  from space 18944K, 0% used [0x00000000e9080000,0x00000000e9080000,0x00000000ea300000)
  to   space 19968K, 0% used [0x00000000e7d00000,0x00000000e7d00000,0x00000000e9080000)
 ParOldGen       total 61440K, used 43909K [0x00000000a0000000, 0x00000000a3c00000, 0x00000000e0000000)
  object space 61440K, 71% used [0x00000000a0000000,0x00000000a2ae15c8,0x00000000a3c00000)
 Metaspace       used 56766K, capacity 58868K, committed 59028K, reserved 1099776K
  class space    used 7774K, capacity 8337K, committed 8448K, reserved 1048576K
}

