# JRE version: OpenJDK Runtime Environment (8.0_152-b02) (build 1.8.0_152-release-1024-b02)
# Java VM: OpenJDK 64-Bit Server VM (25.152-b02 mixed mode windows-amd64 compressed oops)
Heap:
 PSYoungGen      total 269824K, used 256416K [0x00000000e0000000, 0x00000000f7d80000, 0x0000000100000000)
  eden space 241664K, 96% used [0x00000000e0000000,0x00000000ee39c6a0,0x00000000eec00000)
  from space 28160K, 82% used [0x00000000eec00000,0x00000000f02cbce0,0x00000000f0780000)
  to   space 31232K, 0% used [0x00000000f5f00000,0x00000000f5f00000,0x00000000f7d80000)
 ParOldGen       total 115200K, used 46861K [0x00000000a0000000, 0x00000000a7080000, 0x00000000e0000000)
  object space 115200K, 40% used [0x00000000a0000000,0x00000000a2dc37d0,0x00000000a7080000)
 Metaspace       used 82692K, capacity 85998K, committed 86232K, reserved 1124352K
  class space    used 10658K, capacity 11394K, committed 11520K, reserved 1048576K
GC Heap History (10 events):
Event: 137.090 GC heap before
{Heap before GC invocations=17 (full 3):
 PSYoungGen      total 168960K, used 154624K [0x00000000e0000000, 0x00000000edb00000, 0x0000000100000000)
  eden space 154624K, 100% used [0x00000000e0000000,0x00000000e9700000,0x00000000e9700000)
  from space 14336K, 0% used [0x00000000e9700000,0x00000000e9700000,0x00000000ea500000)
  to   space 13824K, 0% used [0x00000000ecd80000,0x00000000ecd80000,0x00000000edb00000)
 ParOldGen       total 88576K, used 33778K [0x00000000a0000000, 0x00000000a5680000, 0x00000000e0000000)
  object space 88576K, 38% used [0x00000000a0000000,0x00000000a20fcb78,0x00000000a5680000)
 Metaspace       used 69322K, capacity 71664K, committed 71896K, reserved 1112064K
  class space    used 9233K, capacity 9709K, committed 9728K, reserved 1048576K
Event: 137.264 GC heap after
Heap after GC invocations=17 (full 3):
 PSYoungGen      total 203264K, used 13815K [0x00000000e0000000, 0x00000000ee580000, 0x0000000100000000)
  eden space 189440K, 0% used [0x00000000e0000000,0x00000000e0000000,0x00000000eb900000)
  from space 13824K, 99% used [0x00000000ecd80000,0x00000000edafdf30,0x00000000edb00000)
  to   space 20992K, 0% used [0x00000000eb900000,0x00000000eb900000,0x00000000ecd80000)
 ParOldGen       total 88576K, used 47879K [0x00000000a0000000, 0x00000000a5680000, 0x00000000e0000000)
  object space 88576K, 54% used [0x00000000a0000000,0x00000000a2ec1c38,0x00000000a5680000)
 Metaspace       used 69322K, capacity 71664K, committed 71896K, reserved 1112064K
  class space    used 9233K, capacity 9709K, committed 9728K, reserved 1048576K
}
Event: 147.416 GC heap before
{Heap before GC invocations=18 (full 3):
 PSYoungGen      total 203264K, used 202593K [0x00000000e0000000, 0x00000000ee580000, 0x0000000100000000)
  eden space 189440K, 99% used [0x00000000e0000000,0x00000000eb85a540,0x00000000eb900000)
  from space 13824K, 99% used [0x00000000ecd80000,0x00000000edafdf30,0x00000000edb00000)
  to   space 20992K, 0% used [0x00000000eb900000,0x00000000eb900000,0x00000000ecd80000)
 ParOldGen       total 88576K, used 47879K [0x00000000a0000000, 0x00000000a5680000, 0x00000000e0000000)
  object space 88576K, 54% used [0x00000000a0000000,0x00000000a2ec1c38,0x00000000a5680000)
 Metaspace       used 71673K, capacity 74240K, committed 74328K, reserved 1114112K
  class space    used 9473K, capacity 10037K, committed 10112K, reserved 1048576K
Event: 147.557 GC heap after
Heap after GC invocations=18 (full 3):
 PSYoungGen      total 210432K, used 20960K [0x00000000e0000000, 0x00000000f2300000, 0x0000000100000000)
  eden space 189440K, 0% used [0x00000000e0000000,0x00000000e0000000,0x00000000eb900000)
  from space 20992K, 99% used [0x00000000eb900000,0x00000000ecd781c0,0x00000000ecd80000)
  to   space 28160K, 0% used [0x00000000f0780000,0x00000000f0780000,0x00000000f2300000)
 ParOldGen       total 88576K, used 58156K [0x00000000a0000000, 0x00000000a5680000, 0x00000000e0000000)
  object space 88576K, 65% used [0x00000000a0000000,0x00000000a38cb188,0x00000000a5680000)
 Metaspace       used 71673K, capacity 74240K, committed 74328K, reserved 1114112K
  class space    used 9473K, capacity 10037K, committed 10112K, reserved 1048576K
}
Event: 147.682 GC heap before
{Heap before GC invocations=19 (full 3):
 PSYoungGen      total 210432K, used 209778K [0x00000000e0000000, 0x00000000f2300000, 0x0000000100000000)
  eden space 189440K, 99% used [0x00000000e0000000,0x00000000eb8646f0,0x00000000eb900000)
  from space 20992K, 99% used [0x00000000eb900000,0x00000000ecd781c0,0x00000000ecd80000)
  to   space 28160K, 0% used [0x00000000f0780000,0x00000000f0780000,0x00000000f2300000)
 ParOldGen       total 88576K, used 58156K [0x00000000a0000000, 0x00000000a5680000, 0x00000000e0000000)
  object space 88576K, 65% used [0x00000000a0000000,0x00000000a38cb188,0x00000000a5680000)
 Metaspace       used 71681K, capacity 74240K, committed 74328K, reserved 1114112K
  class space    used 9473K, capacity 10037K, committed 10112K, reserved 1048576K
Event: 147.787 GC heap after
Heap after GC invocations=19 (full 3):
 PSYoungGen      total 269824K, used 32K [0x00000000e0000000, 0x00000000f5600000, 0x0000000100000000)
  eden space 241664K, 0% used [0x00000000e0000000,0x00000000e0000000,0x00000000eec00000)
  from space 28160K, 0% used [0x00000000f0780000,0x00000000f0788000,0x00000000f2300000)
  to   space 28160K, 0% used [0x00000000eec00000,0x00000000eec00000,0x00000000f0780000)
 ParOldGen       total 88576K, used 79003K [0x00000000a0000000, 0x00000000a5680000, 0x00000000e0000000)
  object space 88576K, 89% used [0x00000000a0000000,0x00000000a4d26f68,0x00000000a5680000)
 Metaspace       used 71681K, capacity 74240K, committed 74328K, reserved 1114112K
  class space    used 9473K, capacity 10037K, committed 10112K, reserved 1048576K
}
Event: 147.787 GC heap before
{Heap before GC invocations=20 (full 4):
 PSYoungGen      total 269824K, used 32K [0x00000000e0000000, 0x00000000f5600000, 0x0000000100000000)
  eden space 241664K, 0% used [0x00000000e0000000,0x00000000e0000000,0x00000000eec00000)
  from space 28160K, 0% used [0x00000000f0780000,0x00000000f0788000,0x00000000f2300000)
  to   space 28160K, 0% used [0x00000000eec00000,0x00000000eec00000,0x00000000f0780000)
 ParOldGen       total 88576K, used 79003K [0x00000000a0000000, 0x00000000a5680000, 0x00000000e0000000)
  object space 88576K, 89% used [0x00000000a0000000,0x00000000a4d26f68,0x00000000a5680000)
 Metaspace       used 71681K, capacity 74240K, committed 74328K, reserved 1114112K
  class space    used 9473K, capacity 10037K, committed 10112K, reserved 1048576K
Event: 148.246 GC heap after
Heap after GC invocations=20 (full 4):
 PSYoungGen      total 269824K, used 0K [0x00000000e0000000, 0x00000000f5600000, 0x0000000100000000)
  eden space 241664K, 0% used [0x00000000e0000000,0x00000000e0000000,0x00000000eec00000)
  from space 28160K, 0% used [0x00000000f0780000,0x00000000f0780000,0x00000000f2300000)
  to   space 28160K, 0% used [0x00000000eec00000,0x00000000eec00000,0x00000000f0780000)
 ParOldGen       total 115200K, used 46853K [0x00000000a0000000, 0x00000000a7080000, 0x00000000e0000000)
  object space 115200K, 40% used [0x00000000a0000000,0x00000000a2dc17d0,0x00000000a7080000)
 Metaspace       used 71569K, capacity 73916K, committed 74328K, reserved 1114112K
  class space    used 9435K, capacity 9969K, committed 10112K, reserved 1048576K
}
Event: 727.375 GC heap before
{Heap before GC invocations=21 (full 4):
 PSYoungGen      total 269824K, used 241664K [0x00000000e0000000, 0x00000000f5600000, 0x0000000100000000)
  eden space 241664K, 100% used [0x00000000e0000000,0x00000000eec00000,0x00000000eec00000)
  from space 28160K, 0% used [0x00000000f0780000,0x00000000f0780000,0x00000000f2300000)
  to   space 28160K, 0% used [0x00000000eec00000,0x00000000eec00000,0x00000000f0780000)
 ParOldGen       total 115200K, used 46853K [0x00000000a0000000, 0x00000000a7080000, 0x00000000e0000000)
  object space 115200K, 40% used [0x00000000a0000000,0x00000000a2dc17d0,0x00000000a7080000)
 Metaspace       used 80098K, capacity 82960K, committed 83288K, reserved 1122304K
  class space    used 10380K, capacity 11011K, committed 11136K, reserved 1048576K
Event: 727.486 GC heap after
Heap after GC invocations=21 (full 4):
 PSYoungGen      total 269824K, used 23343K [0x00000000e0000000, 0x00000000f7d80000, 0x0000000100000000)
  eden space 241664K, 0% used [0x00000000e0000000,0x00000000e0000000,0x00000000eec00000)
  from space 28160K, 82% used [0x00000000eec00000,0x00000000f02cbce0,0x00000000f0780000)
  to   space 31232K, 0% used [0x00000000f5f00000,0x00000000f5f00000,0x00000000f7d80000)
 ParOldGen       total 115200K, used 46861K [0x00000000a0000000, 0x00000000a7080000, 0x00000000e0000000)
  object space 115200K, 40% used [0x00000000a0000000,0x00000000a2dc37d0,0x00000000a7080000)
 Metaspace       used 80098K, capacity 82960K, committed 83288K, reserved 1122304K
  class space    used 10380K, capacity 11011K, committed 11136K, reserved 1048576K
}

